
ROM used:   1681/8192 (21%)
            1681/8192 (21%) including unused fragments

            1.2 Average locations per line
            7.0 Average locations per statement

RAM used:   32/368 (9%) at main() level
            66/368 (18%) worst case

Stack used: 8 worst case (3 in main + 5 for interrupts)
Stack size: 8

Lines Stmts  %   Files
----- ----- ---  -----
  261   157  65  kesmelervelcd.c
  639     0   0  ..\..\..\..\..\Program Files (x86)\PICC\Devices\16f877.h
  456    84  35  ..\..\..\..\..\Program Files (x86)\PICC\Drivers\lcd.c
----- -----
 1356   241 Total

Page ROM  %  RAM   Vol Diff  Functions:
---- --- --- ---   --- ----  ----------
0     21   1    1             @delay_ms1
 Inline         3   596  5.9  lcd_read_byte
 Inline         0    59  4.2  lcd_read_nibble
 Inline         1   179  3.3  lcd_send_nibble
0     93   6    3   460  4.7  lcd_send_byte
 Inline         6   814  7.2  lcd_init
 Inline         4   208  6.3  lcd_gotoxy
0     76   5    1   354  4.7  lcd_putc
0    165  10    0   719  2.9  ilkAyar
 Inline         1   226  2.2  sifirla
0     11   1    0             @const660
0     86   5    4             @PSTRINGC7_640
 Inline         1   149  1.7  gerceklesmeSayilari
0      6   0    0             @const664
0     87   5    5             @PSTRINGCN7_640
 Inline         3             @DIV88
0    126   7    6             @PRINTF_D_640
0      7   0    0             @const673
0      5   0    0             @const674
0     75   4    1   183  3.6  goster
0    131   8    1   305  2.2  ccp1_kesmesi
0     13   1    0             @const677
0      9   1    0             @const678
0      9   1    0             @const679
0      5   0    0    13  1.0  b1_kesmesi
0      7   0    0    27  0.9  timer2_kesmesi
0    175  10    1   691  3.8  timer1_kesici
0     15   1    0             @const684
0     15   1    0             @const685
0     15   1    0             @const686
0     15   1    0             @const687
0    226  13    2  1260  4.9  deger
0      5   0    0             @const692
0      5   0    0             @const694
0      5   0    0             @const696
0      5   0    0             @const698
0     24   1    0   169  1.8  bDortYedi_kesmesi
0    131   8    0   120  2.0  MAIN
 Inline         0             @cinit1

Program metrics:
    Functions               18
    Statements              241
    Comments                213
    Volume (V)              11033
    Difficulty (D)          60.5
    Effort to implement (E) 667787
    Time to implement (T)   10 hours, 18 minutes
    Est Delivered Bugs (B)  3
    Cyclomatic Complexity   29
    Maintainability (MI)    54

 Segment     Used  Free
-----------  ----  ----
00000-00003     4  0  
00004-00070   109  0  
00071-007FF  1568  367  
00800-00FFF     0  2048  
01000-017FF     0  2048  
01800-01FFF     0  2048  



